<?xml version="1.0" encoding="UTF-8"?>
<!-- Generated by org.testng.reporters.JUnitReportReporter -->
<testsuite hostname="CMDLHRLTX542" failures="0" tests="1" name="Midland.DailyJob.Midland_Script" time="81.836" errors="0" timestamp="2024-05-27T02:22:11 EDT" skipped="0">
  <testcase classname="Midland.DailyJob.Midland_Script" name="qwerty" time="81.836"/>
</testsuite> <!-- Midland.DailyJob.Midland_Script -->
